Determining if the pthread_create exist failed with the following output:
Change Dir: /home/hudsonthomas/ws/gazebo_dart/src/gazebo/gazebo/gazebo_plugin_tutorials/gazebo_plugin_tutorial/CMakeFiles/CMakeTmp

Run Build Command:/usr/bin/make "cmTryCompileExec2089790349/fast"
/usr/bin/make -f CMakeFiles/cmTryCompileExec2089790349.dir/build.make CMakeFiles/cmTryCompileExec2089790349.dir/build
make[1]: Entering directory `/home/hudsonthomas/ws/gazebo_dart/src/gazebo/gazebo/gazebo_plugin_tutorials/gazebo_plugin_tutorial/CMakeFiles/CMakeTmp'
/usr/bin/cmake -E cmake_progress_report /home/hudsonthomas/ws/gazebo_dart/src/gazebo/gazebo/gazebo_plugin_tutorials/gazebo_plugin_tutorial/CMakeFiles/CMakeTmp/CMakeFiles 1
Building C object CMakeFiles/cmTryCompileExec2089790349.dir/CheckSymbolExists.c.o
/usr/bin/cc    -o CMakeFiles/cmTryCompileExec2089790349.dir/CheckSymbolExists.c.o   -c /home/hudsonthomas/ws/gazebo_dart/src/gazebo/gazebo/gazebo_plugin_tutorials/gazebo_plugin_tutorial/CMakeFiles/CMakeTmp/CheckSymbolExists.c
Linking C executable cmTryCompileExec2089790349
/usr/bin/cmake -E cmake_link_script CMakeFiles/cmTryCompileExec2089790349.dir/link.txt --verbose=1
/usr/bin/cc       CMakeFiles/cmTryCompileExec2089790349.dir/CheckSymbolExists.c.o  -o cmTryCompileExec2089790349 -rdynamic 
CMakeFiles/cmTryCompileExec2089790349.dir/CheckSymbolExists.c.o: In function `main':
CheckSymbolExists.c:(.text+0x16): undefined reference to `pthread_create'
collect2: error: ld returned 1 exit status
make[1]: *** [cmTryCompileExec2089790349] Error 1
make[1]: Leaving directory `/home/hudsonthomas/ws/gazebo_dart/src/gazebo/gazebo/gazebo_plugin_tutorials/gazebo_plugin_tutorial/CMakeFiles/CMakeTmp'
make: *** [cmTryCompileExec2089790349/fast] Error 2

File /home/hudsonthomas/ws/gazebo_dart/src/gazebo/gazebo/gazebo_plugin_tutorials/gazebo_plugin_tutorial/CMakeFiles/CMakeTmp/CheckSymbolExists.c:
/* */
#include <pthread.h>

int main(int argc, char** argv)
{
  (void)argv;
#ifndef pthread_create
  return ((int*)(&pthread_create))[argc];
#else
  (void)argc;
  return 0;
#endif
}

Determining if the function pthread_create exists in the pthreads failed with the following output:
Change Dir: /home/hudsonthomas/ws/gazebo_dart/src/gazebo/gazebo/gazebo_plugin_tutorials/gazebo_plugin_tutorial/CMakeFiles/CMakeTmp

Run Build Command:/usr/bin/make "cmTryCompileExec1862971450/fast"
/usr/bin/make -f CMakeFiles/cmTryCompileExec1862971450.dir/build.make CMakeFiles/cmTryCompileExec1862971450.dir/build
make[1]: Entering directory `/home/hudsonthomas/ws/gazebo_dart/src/gazebo/gazebo/gazebo_plugin_tutorials/gazebo_plugin_tutorial/CMakeFiles/CMakeTmp'
/usr/bin/cmake -E cmake_progress_report /home/hudsonthomas/ws/gazebo_dart/src/gazebo/gazebo/gazebo_plugin_tutorials/gazebo_plugin_tutorial/CMakeFiles/CMakeTmp/CMakeFiles 1
Building C object CMakeFiles/cmTryCompileExec1862971450.dir/CheckFunctionExists.c.o
/usr/bin/cc   -DCHECK_FUNCTION_EXISTS=pthread_create   -o CMakeFiles/cmTryCompileExec1862971450.dir/CheckFunctionExists.c.o   -c /usr/share/cmake-2.8/Modules/CheckFunctionExists.c
Linking C executable cmTryCompileExec1862971450
/usr/bin/cmake -E cmake_link_script CMakeFiles/cmTryCompileExec1862971450.dir/link.txt --verbose=1
/usr/bin/cc   -DCHECK_FUNCTION_EXISTS=pthread_create    CMakeFiles/cmTryCompileExec1862971450.dir/CheckFunctionExists.c.o  -o cmTryCompileExec1862971450 -rdynamic -lpthreads 
/usr/bin/ld: cannot find -lpthreads
collect2: error: ld returned 1 exit status
make[1]: *** [cmTryCompileExec1862971450] Error 1
make[1]: Leaving directory `/home/hudsonthomas/ws/gazebo_dart/src/gazebo/gazebo/gazebo_plugin_tutorials/gazebo_plugin_tutorial/CMakeFiles/CMakeTmp'
make: *** [cmTryCompileExec1862971450/fast] Error 2


